android/app/build/intermediates/manifest_merge_blame_file/debug/manifest-merger-blame-debug-report.txt
1<?xml version="1.0" encoding="utf-8"?>
2<manifest xmlns:android="http://schemas.android.com/apk/res/android"
3    package="com.gafam.relay"
4    android:versionCode="2"
5    android:versionName="1.1-edge2c1" >
6
7    <uses-sdk
8        android:minSdkVersion="26"
9        android:targetSdkVersion="34" />
10
11    <!-- Permissions requises pour le Relais GAFAM -->
12    <uses-permission android:name="android.permission.INTERNET" />
12-->src/main/AndroidManifest.xml:5:5-67
12-->src/main/AndroidManifest.xml:5:22-64
13    <uses-permission android:name="android.permission.RECEIVE_SMS" />
13-->src/main/AndroidManifest.xml:6:5-70
13-->src/main/AndroidManifest.xml:6:22-67
14    <uses-permission android:name="android.permission.READ_SMS" />
14-->src/main/AndroidManifest.xml:7:5-67
14-->src/main/AndroidManifest.xml:7:22-64
15    <uses-permission android:name="android.permission.SEND_SMS" />
15-->src/main/AndroidManifest.xml:8:5-67
15-->src/main/AndroidManifest.xml:8:22-64
16    <uses-permission android:name="android.permission.RECEIVE_MMS" />
16-->src/main/AndroidManifest.xml:9:5-70
16-->src/main/AndroidManifest.xml:9:22-67
17    <uses-permission android:name="android.permission.RECEIVE_WAP_PUSH" />
17-->src/main/AndroidManifest.xml:10:5-75
17-->src/main/AndroidManifest.xml:10:22-72
18    <uses-permission android:name="android.permission.READ_CONTACTS" />
18-->src/main/AndroidManifest.xml:11:5-72
18-->src/main/AndroidManifest.xml:11:22-69
19    <uses-permission android:name="android.permission.FOREGROUND_SERVICE" />
19-->src/main/AndroidManifest.xml:12:5-77
19-->src/main/AndroidManifest.xml:12:22-74
20    <uses-permission android:name="android.permission.FOREGROUND_SERVICE_DATA_SYNC" />
20-->src/main/AndroidManifest.xml:13:5-87
20-->src/main/AndroidManifest.xml:13:22-84
21    <uses-permission android:name="android.permission.POST_NOTIFICATIONS" />
21-->src/main/AndroidManifest.xml:14:5-77
21-->src/main/AndroidManifest.xml:14:22-74
22    <uses-permission android:name="android.permission.RECEIVE_BOOT_COMPLETED" />
22-->src/main/AndroidManifest.xml:15:5-81
22-->src/main/AndroidManifest.xml:15:22-78
23    <uses-permission android:name="android.permission.WAKE_LOCK" />
23-->src/main/AndroidManifest.xml:16:5-68
23-->src/main/AndroidManifest.xml:16:22-65
24    <!-- Queries for RoleManager -->
25    <queries>
25-->src/main/AndroidManifest.xml:18:5-23:15
26        <intent>
26-->src/main/AndroidManifest.xml:19:9-22:18
27            <action android:name="android.intent.action.SENDTO" />
27-->src/main/AndroidManifest.xml:20:13-67
27-->src/main/AndroidManifest.xml:20:21-64
28
29            <data android:scheme="smsto" />
29-->src/main/AndroidManifest.xml:21:13-44
29-->src/main/AndroidManifest.xml:21:19-41
30        </intent>
31    </queries>
32
33    <permission
33-->[androidx.core:core:1.12.0] AndroidManifest.xml:22:5-24:47
34        android:name="com.gafam.relay.DYNAMIC_RECEIVER_NOT_EXPORTED_PERMISSION"
34-->[androidx.core:core:1.12.0] AndroidManifest.xml:23:9-81
35        android:protectionLevel="signature" />
35-->[androidx.core:core:1.12.0] AndroidManifest.xml:24:9-44
36
37    <uses-permission android:name="com.gafam.relay.DYNAMIC_RECEIVER_NOT_EXPORTED_PERMISSION" />
37-->[androidx.core:core:1.12.0] AndroidManifest.xml:26:5-97
37-->[androidx.core:core:1.12.0] AndroidManifest.xml:26:22-94
38    <uses-permission android:name="android.permission.CAMERA" /> <!-- Don't require camera, as this requires a rear camera. This allows it to work on the Nexus 7 -->
38-->[com.journeyapps:zxing-android-embedded:4.3.0] AndroidManifest.xml:22:5-65
38-->[com.journeyapps:zxing-android-embedded:4.3.0] AndroidManifest.xml:22:22-62
39    <uses-feature
39-->[com.journeyapps:zxing-android-embedded:4.3.0] AndroidManifest.xml:25:5-27:36
40        android:name="android.hardware.camera"
40-->[com.journeyapps:zxing-android-embedded:4.3.0] AndroidManifest.xml:26:9-47
41        android:required="false" />
41-->[com.journeyapps:zxing-android-embedded:4.3.0] AndroidManifest.xml:27:9-33
42    <uses-feature
42-->[com.journeyapps:zxing-android-embedded:4.3.0] AndroidManifest.xml:28:5-30:36
43        android:name="android.hardware.camera.front"
43-->[com.journeyapps:zxing-android-embedded:4.3.0] AndroidManifest.xml:29:9-53
44        android:required="false" /> <!-- TODO replace above two with next line after Android 4.2 -->
44-->[com.journeyapps:zxing-android-embedded:4.3.0] AndroidManifest.xml:30:9-33
45    <!-- <uses-feature android:name="android.hardware.camera.any"/> -->
46    <uses-feature
46-->[com.journeyapps:zxing-android-embedded:4.3.0] AndroidManifest.xml:33:5-35:36
47        android:name="android.hardware.camera.autofocus"
47-->[com.journeyapps:zxing-android-embedded:4.3.0] AndroidManifest.xml:34:9-57
48        android:required="false" />
48-->[com.journeyapps:zxing-android-embedded:4.3.0] AndroidManifest.xml:35:9-33
49    <uses-feature
49-->[com.journeyapps:zxing-android-embedded:4.3.0] AndroidManifest.xml:36:5-38:36
50        android:name="android.hardware.camera.flash"
50-->[com.journeyapps:zxing-android-embedded:4.3.0] AndroidManifest.xml:37:9-53
51        android:required="false" />
51-->[com.journeyapps:zxing-android-embedded:4.3.0] AndroidManifest.xml:38:9-33
52    <uses-feature
52-->[com.journeyapps:zxing-android-embedded:4.3.0] AndroidManifest.xml:39:5-41:36
53        android:name="android.hardware.screen.landscape"
53-->[com.journeyapps:zxing-android-embedded:4.3.0] AndroidManifest.xml:40:9-57
54        android:required="false" />
54-->[com.journeyapps:zxing-android-embedded:4.3.0] AndroidManifest.xml:41:9-33
55    <uses-feature
55-->[com.journeyapps:zxing-android-embedded:4.3.0] AndroidManifest.xml:42:5-44:36
56        android:name="android.hardware.wifi"
56-->[com.journeyapps:zxing-android-embedded:4.3.0] AndroidManifest.xml:43:9-45
57        android:required="false" />
57-->[com.journeyapps:zxing-android-embedded:4.3.0] AndroidManifest.xml:44:9-33
58
59    <application
59-->src/main/AndroidManifest.xml:25:5-126:19
60        android:allowBackup="true"
60-->src/main/AndroidManifest.xml:26:9-35
61        android:appComponentFactory="androidx.core.app.CoreComponentFactory"
61-->[androidx.core:core:1.12.0] AndroidManifest.xml:28:18-86
62        android:debuggable="true"
63        android:extractNativeLibs="false"
64        android:label="GAFAM Relay"
64-->src/main/AndroidManifest.xml:27:9-36
65        android:supportsRtl="true"
65-->src/main/AndroidManifest.xml:28:9-35
66        android:theme="@style/Theme.AppCompat.Light.NoActionBar"
66-->src/main/AndroidManifest.xml:30:9-65
67        android:usesCleartextTraffic="true" >
67-->src/main/AndroidManifest.xml:29:9-44
68        <activity
68-->src/main/AndroidManifest.xml:32:9-39:20
69            android:name="com.gafam.relay.MainActivity"
69-->src/main/AndroidManifest.xml:33:13-41
70            android:exported="true" >
70-->src/main/AndroidManifest.xml:34:13-36
71            <intent-filter>
71-->src/main/AndroidManifest.xml:35:13-38:29
72                <action android:name="android.intent.action.MAIN" />
72-->src/main/AndroidManifest.xml:36:17-69
72-->src/main/AndroidManifest.xml:36:25-66
73
74                <category android:name="android.intent.category.LAUNCHER" />
74-->src/main/AndroidManifest.xml:37:17-77
74-->src/main/AndroidManifest.xml:37:27-74
75            </intent-filter>
76        </activity>
77        <activity
77-->src/main/AndroidManifest.xml:41:9-45:57
78            android:name="com.gafam.relay.CustomScannerActivity"
78-->src/main/AndroidManifest.xml:42:13-50
79            android:screenOrientation="portrait"
79-->src/main/AndroidManifest.xml:43:13-49
80            android:stateNotNeeded="true"
80-->src/main/AndroidManifest.xml:44:13-42
81            android:theme="@style/zxing_CaptureTheme" />
81-->src/main/AndroidManifest.xml:45:13-54
82
83        <!-- L'ancien receiver pour compatibilité (si on n'est pas app par défaut) -->
84        <receiver
84-->src/main/AndroidManifest.xml:48:9-55:20
85            android:name="com.gafam.relay.SmsReceiver"
85-->src/main/AndroidManifest.xml:49:13-40
86            android:exported="true"
86-->src/main/AndroidManifest.xml:50:13-36
87            android:permission="android.permission.BROADCAST_SMS" >
87-->src/main/AndroidManifest.xml:51:13-66
88            <intent-filter android:priority="999" >
88-->src/main/AndroidManifest.xml:52:13-54:29
88-->src/main/AndroidManifest.xml:52:28-50
89                <action android:name="android.provider.Telephony.SMS_RECEIVED" />
89-->src/main/AndroidManifest.xml:53:17-82
89-->src/main/AndroidManifest.xml:53:25-79
90            </intent-filter>
91        </receiver>
92
93        <!-- NOUVEAUX COMPOSANTS POUR DEVENIR DEFAULT SMS APP -->
94        <receiver
94-->src/main/AndroidManifest.xml:58:9-65:20
95            android:name="com.gafam.relay.SmsDeliverReceiver"
95-->src/main/AndroidManifest.xml:59:13-47
96            android:exported="true"
96-->src/main/AndroidManifest.xml:61:13-36
97            android:permission="android.permission.BROADCAST_SMS" >
97-->src/main/AndroidManifest.xml:60:13-66
98            <intent-filter>
98-->src/main/AndroidManifest.xml:62:13-64:29
99                <action android:name="android.provider.Telephony.SMS_DELIVER" />
99-->src/main/AndroidManifest.xml:63:17-81
99-->src/main/AndroidManifest.xml:63:25-78
100            </intent-filter>
101        </receiver>
102        <receiver
102-->src/main/AndroidManifest.xml:67:9-75:20
103            android:name="com.gafam.relay.MmsReceiver"
103-->src/main/AndroidManifest.xml:68:13-40
104            android:exported="true"
104-->src/main/AndroidManifest.xml:70:13-36
105            android:permission="android.permission.BROADCAST_WAP_PUSH" >
105-->src/main/AndroidManifest.xml:69:13-71
106            <intent-filter>
106-->src/main/AndroidManifest.xml:71:13-74:29
107                <action android:name="android.provider.Telephony.WAP_PUSH_DELIVER" />
107-->src/main/AndroidManifest.xml:72:17-86
107-->src/main/AndroidManifest.xml:72:25-83
108
109                <data android:mimeType="application/vnd.wap.mms-message" />
109-->src/main/AndroidManifest.xml:21:13-44
109-->src/main/AndroidManifest.xml:73:23-73
110            </intent-filter>
111        </receiver>
112
113        <activity
113-->src/main/AndroidManifest.xml:77:9-90:20
114            android:name="com.gafam.relay.ComposeSmsActivity"
114-->src/main/AndroidManifest.xml:78:13-47
115            android:exported="true" >
115-->src/main/AndroidManifest.xml:79:13-36
116            <intent-filter>
116-->src/main/AndroidManifest.xml:80:13-89:29
117                <action android:name="android.intent.action.SEND" />
117-->src/main/AndroidManifest.xml:81:17-69
117-->src/main/AndroidManifest.xml:81:25-66
118                <action android:name="android.intent.action.SENDTO" />
118-->src/main/AndroidManifest.xml:20:13-67
118-->src/main/AndroidManifest.xml:20:21-64
119
120                <category android:name="android.intent.category.DEFAULT" />
120-->src/main/AndroidManifest.xml:83:17-76
120-->src/main/AndroidManifest.xml:83:27-73
121                <category android:name="android.intent.category.BROWSABLE" />
121-->src/main/AndroidManifest.xml:84:17-78
121-->src/main/AndroidManifest.xml:84:27-75
122
123                <data android:scheme="sms" />
123-->src/main/AndroidManifest.xml:21:13-44
123-->src/main/AndroidManifest.xml:21:19-41
124                <data android:scheme="smsto" />
124-->src/main/AndroidManifest.xml:21:13-44
124-->src/main/AndroidManifest.xml:21:19-41
125                <data android:scheme="mms" />
125-->src/main/AndroidManifest.xml:21:13-44
125-->src/main/AndroidManifest.xml:21:19-41
126                <data android:scheme="mmsto" />
126-->src/main/AndroidManifest.xml:21:13-44
126-->src/main/AndroidManifest.xml:21:19-41
127            </intent-filter>
128        </activity>
129
130        <service
130-->src/main/AndroidManifest.xml:92:9-104:19
131            android:name="com.gafam.relay.HeadlessSmsSendService"
131-->src/main/AndroidManifest.xml:93:13-51
132            android:exported="true"
132-->src/main/AndroidManifest.xml:95:13-36
133            android:permission="android.permission.SEND_RESPOND_VIA_MESSAGE" >
133-->src/main/AndroidManifest.xml:94:13-77
134            <intent-filter>
134-->src/main/AndroidManifest.xml:96:13-103:29
135                <action android:name="android.intent.action.RESPOND_VIA_MESSAGE" />
135-->src/main/AndroidManifest.xml:97:17-84
135-->src/main/AndroidManifest.xml:97:25-81
136
137                <category android:name="android.intent.category.DEFAULT" />
137-->src/main/AndroidManifest.xml:83:17-76
137-->src/main/AndroidManifest.xml:83:27-73
138
139                <data android:scheme="sms" />
139-->src/main/AndroidManifest.xml:21:13-44
139-->src/main/AndroidManifest.xml:21:19-41
140                <data android:scheme="smsto" />
140-->src/main/AndroidManifest.xml:21:13-44
140-->src/main/AndroidManifest.xml:21:19-41
141                <data android:scheme="mms" />
141-->src/main/AndroidManifest.xml:21:13-44
141-->src/main/AndroidManifest.xml:21:19-41
142                <data android:scheme="mmsto" />
142-->src/main/AndroidManifest.xml:21:13-44
142-->src/main/AndroidManifest.xml:21:19-41
143            </intent-filter>
144        </service>
145        <service
145-->src/main/AndroidManifest.xml:106:9-109:56
146            android:name="com.gafam.relay.RelayForegroundService"
146-->src/main/AndroidManifest.xml:107:13-51
147            android:exported="false"
147-->src/main/AndroidManifest.xml:108:13-37
148            android:foregroundServiceType="dataSync" />
148-->src/main/AndroidManifest.xml:109:13-53
149        <service
149-->src/main/AndroidManifest.xml:111:9-114:56
150            android:name="com.gafam.relay.EdgeInferenceService"
150-->src/main/AndroidManifest.xml:112:13-49
151            android:exported="false"
151-->src/main/AndroidManifest.xml:113:13-37
152            android:foregroundServiceType="dataSync" />
152-->src/main/AndroidManifest.xml:114:13-53
153
154        <receiver
154-->src/main/AndroidManifest.xml:116:9-124:20
155            android:name="com.gafam.relay.BootReceiver"
155-->src/main/AndroidManifest.xml:117:13-41
156            android:directBootAware="true"
156-->src/main/AndroidManifest.xml:119:13-43
157            android:exported="true" >
157-->src/main/AndroidManifest.xml:118:13-36
158            <intent-filter>
158-->src/main/AndroidManifest.xml:120:13-123:29
159                <action android:name="android.intent.action.BOOT_COMPLETED" />
159-->src/main/AndroidManifest.xml:121:17-79
159-->src/main/AndroidManifest.xml:121:25-76
160                <action android:name="android.intent.action.LOCKED_BOOT_COMPLETED" />
160-->src/main/AndroidManifest.xml:122:17-86
160-->src/main/AndroidManifest.xml:122:25-83
161            </intent-filter>
162        </receiver>
163
164        <provider
164-->[androidx.emoji2:emoji2:1.2.0] AndroidManifest.xml:24:9-32:20
165            android:name="androidx.startup.InitializationProvider"
165-->[androidx.emoji2:emoji2:1.2.0] AndroidManifest.xml:25:13-67
166            android:authorities="com.gafam.relay.androidx-startup"
166-->[androidx.emoji2:emoji2:1.2.0] AndroidManifest.xml:26:13-68
167            android:exported="false" >
167-->[androidx.emoji2:emoji2:1.2.0] AndroidManifest.xml:27:13-37
168            <meta-data
168-->[androidx.emoji2:emoji2:1.2.0] AndroidManifest.xml:29:13-31:52
169                android:name="androidx.emoji2.text.EmojiCompatInitializer"
169-->[androidx.emoji2:emoji2:1.2.0] AndroidManifest.xml:30:17-75
170                android:value="androidx.startup" />
170-->[androidx.emoji2:emoji2:1.2.0] AndroidManifest.xml:31:17-49
171            <meta-data
171-->[androidx.lifecycle:lifecycle-process:2.6.1] AndroidManifest.xml:29:13-31:52
172                android:name="androidx.lifecycle.ProcessLifecycleInitializer"
172-->[androidx.lifecycle:lifecycle-process:2.6.1] AndroidManifest.xml:30:17-78
173                android:value="androidx.startup" />
173-->[androidx.lifecycle:lifecycle-process:2.6.1] AndroidManifest.xml:31:17-49
174            <meta-data
174-->[androidx.profileinstaller:profileinstaller:1.3.0] AndroidManifest.xml:29:13-31:52
175                android:name="androidx.profileinstaller.ProfileInstallerInitializer"
175-->[androidx.profileinstaller:profileinstaller:1.3.0] AndroidManifest.xml:30:17-85
176                android:value="androidx.startup" />
176-->[androidx.profileinstaller:profileinstaller:1.3.0] AndroidManifest.xml:31:17-49
177        </provider>
178
179        <receiver
179-->[androidx.profileinstaller:profileinstaller:1.3.0] AndroidManifest.xml:34:9-52:20
180            android:name="androidx.profileinstaller.ProfileInstallReceiver"
180-->[androidx.profileinstaller:profileinstaller:1.3.0] AndroidManifest.xml:35:13-76
181            android:directBootAware="false"
181-->[androidx.profileinstaller:profileinstaller:1.3.0] AndroidManifest.xml:36:13-44
182            android:enabled="true"
182-->[androidx.profileinstaller:profileinstaller:1.3.0] AndroidManifest.xml:37:13-35
183            android:exported="true"
183-->[androidx.profileinstaller:profileinstaller:1.3.0] AndroidManifest.xml:38:13-36
184            android:permission="android.permission.DUMP" >
184-->[androidx.profileinstaller:profileinstaller:1.3.0] AndroidManifest.xml:39:13-57
185            <intent-filter>
185-->[androidx.profileinstaller:profileinstaller:1.3.0] AndroidManifest.xml:40:13-42:29
186                <action android:name="androidx.profileinstaller.action.INSTALL_PROFILE" />
186-->[androidx.profileinstaller:profileinstaller:1.3.0] AndroidManifest.xml:41:17-91
186-->[androidx.profileinstaller:profileinstaller:1.3.0] AndroidManifest.xml:41:25-88
187            </intent-filter>
188            <intent-filter>
188-->[androidx.profileinstaller:profileinstaller:1.3.0] AndroidManifest.xml:43:13-45:29
189                <action android:name="androidx.profileinstaller.action.SKIP_FILE" />
189-->[androidx.profileinstaller:profileinstaller:1.3.0] AndroidManifest.xml:44:17-85
189-->[androidx.profileinstaller:profileinstaller:1.3.0] AndroidManifest.xml:44:25-82
190            </intent-filter>
191            <intent-filter>
191-->[androidx.profileinstaller:profileinstaller:1.3.0] AndroidManifest.xml:46:13-48:29
192                <action android:name="androidx.profileinstaller.action.SAVE_PROFILE" />
192-->[androidx.profileinstaller:profileinstaller:1.3.0] AndroidManifest.xml:47:17-88
192-->[androidx.profileinstaller:profileinstaller:1.3.0] AndroidManifest.xml:47:25-85
193            </intent-filter>
194            <intent-filter>
194-->[androidx.profileinstaller:profileinstaller:1.3.0] AndroidManifest.xml:49:13-51:29
195                <action android:name="androidx.profileinstaller.action.BENCHMARK_OPERATION" />
195-->[androidx.profileinstaller:profileinstaller:1.3.0] AndroidManifest.xml:50:17-95
195-->[androidx.profileinstaller:profileinstaller:1.3.0] AndroidManifest.xml:50:25-92
196            </intent-filter>
197        </receiver>
198
199        <activity
199-->[com.journeyapps:zxing-android-embedded:4.3.0] AndroidManifest.xml:47:9-53:63
200            android:name="com.journeyapps.barcodescanner.CaptureActivity"
200-->[com.journeyapps:zxing-android-embedded:4.3.0] AndroidManifest.xml:48:13-74
201            android:clearTaskOnLaunch="true"
201-->[com.journeyapps:zxing-android-embedded:4.3.0] AndroidManifest.xml:49:13-45
202            android:screenOrientation="sensorLandscape"
202-->[com.journeyapps:zxing-android-embedded:4.3.0] AndroidManifest.xml:50:13-56
203            android:stateNotNeeded="true"
203-->[com.journeyapps:zxing-android-embedded:4.3.0] AndroidManifest.xml:51:13-42
204            android:theme="@style/zxing_CaptureTheme"
204-->[com.journeyapps:zxing-android-embedded:4.3.0] AndroidManifest.xml:52:13-54
205            android:windowSoftInputMode="stateAlwaysHidden" />
205-->[com.journeyapps:zxing-android-embedded:4.3.0] AndroidManifest.xml:53:13-60
206    </application>
207
208</manifest>